2025-11-10 16:15:53.316 INFO  [main] c.m.p.PropertyManagementApplication      : Starting PropertyManagementApplication using Java 17.0.0.1 with PID 2084 (C:\Users\ual-laptop\Downloads\property-management\property-management\target\classes started by ual-laptop in C:\Users\ual-laptop\Downloads\property-management\property-management)
2025-11-10 16:15:53.320 DEBUG [main] c.m.p.PropertyManagementApplication      : Running with Spring Boot v3.5.7, Spring v6.2.12
2025-11-10 16:15:53.321 INFO  [main] c.m.p.PropertyManagementApplication      : The following 1 profile is active: "dev"
2025-11-10 16:15:55.112 INFO  [main] o.s.d.r.c.RepositoryConfigurationDelegate : Bootstrapping Spring Data JPA repositories in DEFAULT mode.
2025-11-10 16:15:55.279 INFO  [main] o.s.d.r.c.RepositoryConfigurationDelegate : Finished Spring Data repository scanning in 146 ms. Found 2 JPA repository interfaces.
2025-11-10 16:15:56.821 INFO  [main] o.s.b.w.embedded.tomcat.TomcatWebServer  : Tomcat initialized with port 8089 (http)
2025-11-10 16:15:56.839 INFO  [main] o.a.coyote.http11.Http11NioProtocol      : Initializing ProtocolHandler ["http-nio-8089"]
2025-11-10 16:15:56.842 INFO  [main] o.apache.catalina.core.StandardService   : Starting service [Tomcat]
2025-11-10 16:15:56.842 INFO  [main] o.apache.catalina.core.StandardEngine    : Starting Servlet engine: [Apache Tomcat/10.1.48]
2025-11-10 16:15:56.957 INFO  [main] o.a.c.c.C.[Tomcat].[localhost].[/]       : Initializing Spring embedded WebApplicationContext
2025-11-10 16:15:56.958 INFO  [main] o.s.b.w.s.c.ServletWebServerApplicationContext : Root WebApplicationContext: initialization completed in 3562 ms
2025-11-10 16:15:58.718 INFO  [main] o.s.o.j.p.SpringPersistenceUnitInfo      : No LoadTimeWeaver setup: ignoring JPA class transformer
2025-11-10 16:15:58.752 INFO  [main] com.zaxxer.hikari.HikariDataSource       : HikariPool-1 - Starting...
2025-11-10 16:15:58.757 WARN  [main] c.zaxxer.hikari.util.DriverDataSource    : Registered driver with driverClassName=com.mysql.jdbc.Driver was not found, trying direct instantiation.
2025-11-10 16:15:59.080 INFO  [main] com.zaxxer.hikari.pool.HikariPool        : HikariPool-1 - Added connection com.mysql.cj.jdbc.ConnectionImpl@76db9048
2025-11-10 16:15:59.083 INFO  [main] com.zaxxer.hikari.HikariDataSource       : HikariPool-1 - Start completed.
2025-11-10 16:15:59.191 WARN  [main] org.hibernate.orm.deprecation            : HHH90000025: MySQLDialect does not need to be specified explicitly using 'hibernate.dialect' (remove the property setting and it will be selected by default)
2025-11-10 16:16:07.379 INFO  [main] o.s.o.j.LocalContainerEntityManagerFactoryBean : Initialized JPA EntityManagerFactory for persistence unit 'default'
2025-11-10 16:16:08.763 WARN  [main] o.s.b.a.o.j.JpaBaseConfiguration$JpaWebConfiguration : spring.jpa.open-in-view is enabled by default. Therefore, database queries may be performed during view rendering. Explicitly configure spring.jpa.open-in-view to disable this warning
2025-11-10 16:16:10.000 WARN  [main] o.s.b.a.s.s.UserDetailsServiceAutoConfiguration : 

Using generated security password: eb5a8cc4-c456-4f47-b720-e7e210662805

This generated password is for development use only. Your security configuration must be updated before running your application in production.

2025-11-10 16:16:10.045 INFO  [main] o.s.s.c.a.a.c.InitializeUserDetailsBeanManagerConfigurer$InitializeUserDetailsManagerConfigurer : Global AuthenticationManager configured with UserDetailsService bean with name inMemoryUserDetailsManager
2025-11-10 16:16:10.873 INFO  [main] o.s.b.a.h2.H2ConsoleAutoConfiguration    : H2 console available at '/h2-console'. Database available at 'jdbc:mysql://localhost:3306/property-dev?useSSL=false&serverTimeZone=UTC&useLegacyDateTimeCode=false'
2025-11-10 16:16:11.077 INFO  [main] o.a.coyote.http11.Http11NioProtocol      : Starting ProtocolHandler ["http-nio-8089"]
2025-11-10 16:16:11.282 INFO  [main] o.s.b.w.embedded.tomcat.TomcatWebServer  : Tomcat started on port 8089 (http) with context path '/'
2025-11-10 16:16:11.334 INFO  [main] c.m.p.PropertyManagementApplication      : Started PropertyManagementApplication in 18.855 seconds (process running for 19.486)
2025-11-10 16:24:57.920 INFO  [SpringApplicationShutdownHook] o.s.b.w.e.tomcat.GracefulShutdown        : Commencing graceful shutdown. Waiting for active requests to complete
2025-11-10 16:24:58.260 INFO  [tomcat-shutdown] o.s.b.w.e.tomcat.GracefulShutdown        : Graceful shutdown complete
2025-11-10 16:24:58.367 INFO  [SpringApplicationShutdownHook] o.s.o.j.LocalContainerEntityManagerFactoryBean : Closing JPA EntityManagerFactory for persistence unit 'default'
2025-11-10 16:24:58.445 INFO  [SpringApplicationShutdownHook] com.zaxxer.hikari.HikariDataSource       : HikariPool-1 - Shutdown initiated...
2025-11-10 16:24:58.562 INFO  [SpringApplicationShutdownHook] com.zaxxer.hikari.HikariDataSource       : HikariPool-1 - Shutdown completed.
2025-11-10 18:49:29.687 INFO  [main] c.m.p.PropertyManagementApplication      : Starting PropertyManagementApplication using Java 17.0.0.1 with PID 34052 (C:\Users\ual-laptop\Downloads\property-management\property-management\target\classes started by ual-laptop in C:\Users\ual-laptop\Downloads\property-management\property-management)
2025-11-10 18:49:29.707 DEBUG [main] c.m.p.PropertyManagementApplication      : Running with Spring Boot v3.5.7, Spring v6.2.12
2025-11-10 18:49:29.709 INFO  [main] c.m.p.PropertyManagementApplication      : The following 1 profile is active: "dev"
2025-11-10 18:49:33.174 INFO  [main] o.s.d.r.c.RepositoryConfigurationDelegate : Bootstrapping Spring Data JPA repositories in DEFAULT mode.
2025-11-10 18:49:33.268 INFO  [main] o.s.d.r.c.RepositoryConfigurationDelegate : Finished Spring Data repository scanning in 82 ms. Found 2 JPA repository interfaces.
2025-11-10 18:49:34.746 INFO  [main] o.s.b.w.embedded.tomcat.TomcatWebServer  : Tomcat initialized with port 8089 (http)
2025-11-10 18:49:34.761 INFO  [main] o.a.coyote.http11.Http11NioProtocol      : Initializing ProtocolHandler ["http-nio-8089"]
2025-11-10 18:49:34.764 INFO  [main] o.apache.catalina.core.StandardService   : Starting service [Tomcat]
2025-11-10 18:49:34.765 INFO  [main] o.apache.catalina.core.StandardEngine    : Starting Servlet engine: [Apache Tomcat/10.1.48]
2025-11-10 18:49:34.862 INFO  [main] o.a.c.c.C.[Tomcat].[localhost].[/]       : Initializing Spring embedded WebApplicationContext
2025-11-10 18:49:34.863 INFO  [main] o.s.b.w.s.c.ServletWebServerApplicationContext : Root WebApplicationContext: initialization completed in 4650 ms
2025-11-10 18:49:37.051 INFO  [main] o.s.o.j.p.SpringPersistenceUnitInfo      : No LoadTimeWeaver setup: ignoring JPA class transformer
2025-11-10 18:49:37.102 INFO  [main] com.zaxxer.hikari.HikariDataSource       : HikariPool-1 - Starting...
2025-11-10 18:49:38.986 INFO  [main] com.zaxxer.hikari.pool.HikariPool        : HikariPool-1 - Added connection com.mysql.cj.jdbc.ConnectionImpl@26865b57
2025-11-10 18:49:38.990 INFO  [main] com.zaxxer.hikari.HikariDataSource       : HikariPool-1 - Start completed.
2025-11-10 18:49:39.134 WARN  [main] org.hibernate.orm.deprecation            : HHH90000025: MySQLDialect does not need to be specified explicitly using 'hibernate.dialect' (remove the property setting and it will be selected by default)
2025-11-10 18:49:41.931 INFO  [main] o.s.o.j.LocalContainerEntityManagerFactoryBean : Initialized JPA EntityManagerFactory for persistence unit 'default'
2025-11-10 18:49:43.876 WARN  [main] o.s.b.a.o.j.JpaBaseConfiguration$JpaWebConfiguration : spring.jpa.open-in-view is enabled by default. Therefore, database queries may be performed during view rendering. Explicitly configure spring.jpa.open-in-view to disable this warning
2025-11-10 18:49:44.367 WARN  [main] o.s.b.a.s.s.UserDetailsServiceAutoConfiguration : 

Using generated security password: b71acb15-aaf5-4af6-aa2d-4ed7914d11dc

This generated password is for development use only. Your security configuration must be updated before running your application in production.

2025-11-10 18:49:44.380 INFO  [main] o.s.s.c.a.a.c.InitializeUserDetailsBeanManagerConfigurer$InitializeUserDetailsManagerConfigurer : Global AuthenticationManager configured with UserDetailsService bean with name inMemoryUserDetailsManager
2025-11-10 18:49:45.086 INFO  [main] o.s.b.a.h2.H2ConsoleAutoConfiguration    : H2 console available at '/h2-console'. Database available at 'jdbc:mysql://localhost:3306/property-dev?useSSL=false&serverTimeZone=UTC&useLegacyDateTimeCode=false'
2025-11-10 18:49:45.258 INFO  [main] o.a.coyote.http11.Http11NioProtocol      : Starting ProtocolHandler ["http-nio-8089"]
2025-11-10 18:49:45.375 INFO  [main] o.s.b.w.embedded.tomcat.TomcatWebServer  : Tomcat started on port 8089 (http) with context path '/'
2025-11-10 18:49:45.390 INFO  [main] c.m.p.PropertyManagementApplication      : Started PropertyManagementApplication in 16.835 seconds (process running for 19.283)
2025-11-10 18:50:06.240 INFO  [http-nio-8089-exec-1] o.a.c.c.C.[Tomcat].[localhost].[/]       : Initializing Spring DispatcherServlet 'dispatcherServlet'
2025-11-10 18:52:36.668 INFO  [SpringApplicationShutdownHook] o.s.b.w.e.tomcat.GracefulShutdown        : Commencing graceful shutdown. Waiting for active requests to complete
2025-11-10 18:52:37.065 INFO  [tomcat-shutdown] o.s.b.w.e.tomcat.GracefulShutdown        : Graceful shutdown complete
2025-11-10 18:52:37.100 INFO  [SpringApplicationShutdownHook] o.s.o.j.LocalContainerEntityManagerFactoryBean : Closing JPA EntityManagerFactory for persistence unit 'default'
2025-11-10 18:52:37.126 INFO  [SpringApplicationShutdownHook] com.zaxxer.hikari.HikariDataSource       : HikariPool-1 - Shutdown initiated...
2025-11-10 18:52:37.166 INFO  [SpringApplicationShutdownHook] com.zaxxer.hikari.HikariDataSource       : HikariPool-1 - Shutdown completed.
2025-11-10 18:52:42.078 INFO  [main] c.m.p.PropertyManagementApplication      : Starting PropertyManagementApplication using Java 17.0.0.1 with PID 8400 (C:\Users\ual-laptop\Downloads\property-management\property-management\target\classes started by ual-laptop in C:\Users\ual-laptop\Downloads\property-management\property-management)
2025-11-10 18:52:42.088 INFO  [main] c.m.p.PropertyManagementApplication      : The following 1 profile is active: "dev"
2025-11-10 18:52:43.071 INFO  [main] o.s.d.r.c.RepositoryConfigurationDelegate : Bootstrapping Spring Data JPA repositories in DEFAULT mode.
2025-11-10 18:52:43.172 INFO  [main] o.s.d.r.c.RepositoryConfigurationDelegate : Finished Spring Data repository scanning in 82 ms. Found 2 JPA repository interfaces.
2025-11-10 18:52:44.392 INFO  [main] o.s.b.w.embedded.tomcat.TomcatWebServer  : Tomcat initialized with port 8089 (http)
2025-11-10 18:52:44.403 INFO  [main] o.a.coyote.http11.Http11NioProtocol      : Initializing ProtocolHandler ["http-nio-8089"]
2025-11-10 18:52:44.405 INFO  [main] o.apache.catalina.core.StandardService   : Starting service [Tomcat]
2025-11-10 18:52:44.406 INFO  [main] o.apache.catalina.core.StandardEngine    : Starting Servlet engine: [Apache Tomcat/10.1.48]
2025-11-10 18:52:44.479 INFO  [main] o.a.c.c.C.[Tomcat].[localhost].[/]       : Initializing Spring embedded WebApplicationContext
2025-11-10 18:52:44.479 INFO  [main] o.s.b.w.s.c.ServletWebServerApplicationContext : Root WebApplicationContext: initialization completed in 2338 ms
2025-11-10 18:52:45.206 INFO  [main] o.s.o.j.p.SpringPersistenceUnitInfo      : No LoadTimeWeaver setup: ignoring JPA class transformer
2025-11-10 18:52:45.263 INFO  [main] com.zaxxer.hikari.HikariDataSource       : HikariPool-1 - Starting...
2025-11-10 18:52:45.449 INFO  [main] com.zaxxer.hikari.pool.HikariPool        : HikariPool-1 - Added connection com.mysql.cj.jdbc.ConnectionImpl@33f349ae
2025-11-10 18:52:45.450 INFO  [main] com.zaxxer.hikari.HikariDataSource       : HikariPool-1 - Start completed.
2025-11-10 18:52:45.518 WARN  [main] org.hibernate.orm.deprecation            : HHH90000025: MySQLDialect does not need to be specified explicitly using 'hibernate.dialect' (remove the property setting and it will be selected by default)
2025-11-10 18:52:46.462 INFO  [main] o.s.o.j.LocalContainerEntityManagerFactoryBean : Initialized JPA EntityManagerFactory for persistence unit 'default'
2025-11-10 18:52:46.921 WARN  [main] o.s.b.a.o.j.JpaBaseConfiguration$JpaWebConfiguration : spring.jpa.open-in-view is enabled by default. Therefore, database queries may be performed during view rendering. Explicitly configure spring.jpa.open-in-view to disable this warning
2025-11-10 18:52:47.161 WARN  [main] o.s.b.a.s.s.UserDetailsServiceAutoConfiguration : 

Using generated security password: c07ed6a8-018b-4f22-b025-61cf1e5e66eb

This generated password is for development use only. Your security configuration must be updated before running your application in production.

2025-11-10 18:52:47.172 INFO  [main] o.s.s.c.a.a.c.InitializeUserDetailsBeanManagerConfigurer$InitializeUserDetailsManagerConfigurer : Global AuthenticationManager configured with UserDetailsService bean with name inMemoryUserDetailsManager
2025-11-10 18:52:47.469 INFO  [main] o.s.b.a.h2.H2ConsoleAutoConfiguration    : H2 console available at '/h2-console'. Database available at 'jdbc:mysql://localhost:3306/property-dev?useSSL=false&serverTimeZone=UTC&useLegacyDateTimeCode=false'
2025-11-10 18:52:47.543 INFO  [main] o.a.coyote.http11.Http11NioProtocol      : Starting ProtocolHandler ["http-nio-8089"]
2025-11-10 18:52:47.573 INFO  [main] o.s.b.w.embedded.tomcat.TomcatWebServer  : Tomcat started on port 8089 (http) with context path '/'
2025-11-10 18:52:47.583 INFO  [main] c.m.p.PropertyManagementApplication      : Started PropertyManagementApplication in 6.295 seconds (process running for 7.036)
2025-11-10 18:52:51.838 INFO  [http-nio-8089-exec-1] o.a.c.c.C.[Tomcat].[localhost].[/]       : Initializing Spring DispatcherServlet 'dispatcherServlet'
2025-11-10 18:52:52.255 INFO  [http-nio-8089-exec-1] c.m.p.exception.CustomExceptionHandler   : Business Exception is thrown level-info EXISTING_USER - User already exists. 
2025-11-10 18:52:52.255 WARN  [http-nio-8089-exec-1] c.m.p.exception.CustomExceptionHandler   : Business Exception is thrown level-warn EXISTING_USER - User already exists. 
2025-11-10 18:52:52.256 ERROR [http-nio-8089-exec-1] c.m.p.exception.CustomExceptionHandler   : Business Exception is thrown - level-error EXISTING_USER - User already exists. 
2025-11-10 18:52:52.256 INFO  [http-nio-8089-exec-1] c.m.p.exception.CustomExceptionHandler   : Business Exception is thrown. [com.mycompany.property_management.exception.ErrorModel@249199c] 
2025-11-10 18:54:23.324 INFO  [SpringApplicationShutdownHook] o.s.b.w.e.tomcat.GracefulShutdown        : Commencing graceful shutdown. Waiting for active requests to complete
2025-11-10 18:54:23.496 INFO  [tomcat-shutdown] o.s.b.w.e.tomcat.GracefulShutdown        : Graceful shutdown complete
2025-11-10 18:54:23.500 INFO  [SpringApplicationShutdownHook] o.s.o.j.LocalContainerEntityManagerFactoryBean : Closing JPA EntityManagerFactory for persistence unit 'default'
2025-11-10 18:54:23.503 INFO  [SpringApplicationShutdownHook] com.zaxxer.hikari.HikariDataSource       : HikariPool-1 - Shutdown initiated...
2025-11-10 18:54:23.514 INFO  [SpringApplicationShutdownHook] com.zaxxer.hikari.HikariDataSource       : HikariPool-1 - Shutdown completed.
2025-11-10 18:55:28.964 INFO  [main] c.m.p.PropertyManagementApplication      : Starting PropertyManagementApplication using Java 17.0.0.1 with PID 3804 (C:\Users\ual-laptop\Downloads\property-management\property-management\target\classes started by ual-laptop in C:\Users\ual-laptop\Downloads\property-management\property-management)
2025-11-10 18:55:28.967 INFO  [main] c.m.p.PropertyManagementApplication      : The following 1 profile is active: "dev"
2025-11-10 18:55:29.901 INFO  [main] o.s.d.r.c.RepositoryConfigurationDelegate : Bootstrapping Spring Data JPA repositories in DEFAULT mode.
2025-11-10 18:55:29.969 INFO  [main] o.s.d.r.c.RepositoryConfigurationDelegate : Finished Spring Data repository scanning in 58 ms. Found 2 JPA repository interfaces.
2025-11-10 18:55:30.688 INFO  [main] o.s.b.w.embedded.tomcat.TomcatWebServer  : Tomcat initialized with port 8089 (http)
2025-11-10 18:55:30.701 INFO  [main] o.a.coyote.http11.Http11NioProtocol      : Initializing ProtocolHandler ["http-nio-8089"]
2025-11-10 18:55:30.703 INFO  [main] o.apache.catalina.core.StandardService   : Starting service [Tomcat]
2025-11-10 18:55:30.703 INFO  [main] o.apache.catalina.core.StandardEngine    : Starting Servlet engine: [Apache Tomcat/10.1.48]
2025-11-10 18:55:30.784 INFO  [main] o.a.c.c.C.[Tomcat].[localhost].[/]       : Initializing Spring embedded WebApplicationContext
2025-11-10 18:55:30.784 INFO  [main] o.s.b.w.s.c.ServletWebServerApplicationContext : Root WebApplicationContext: initialization completed in 1748 ms
2025-11-10 18:55:31.455 INFO  [main] o.s.o.j.p.SpringPersistenceUnitInfo      : No LoadTimeWeaver setup: ignoring JPA class transformer
2025-11-10 18:55:31.491 INFO  [main] com.zaxxer.hikari.HikariDataSource       : HikariPool-1 - Starting...
2025-11-10 18:55:31.657 INFO  [main] com.zaxxer.hikari.pool.HikariPool        : HikariPool-1 - Added connection com.mysql.cj.jdbc.ConnectionImpl@5fc7255c
2025-11-10 18:55:31.658 INFO  [main] com.zaxxer.hikari.HikariDataSource       : HikariPool-1 - Start completed.
2025-11-10 18:55:31.719 WARN  [main] org.hibernate.orm.deprecation            : HHH90000025: MySQLDialect does not need to be specified explicitly using 'hibernate.dialect' (remove the property setting and it will be selected by default)
2025-11-10 18:55:32.893 INFO  [main] o.s.o.j.LocalContainerEntityManagerFactoryBean : Initialized JPA EntityManagerFactory for persistence unit 'default'
2025-11-10 18:55:33.403 WARN  [main] o.s.b.a.o.j.JpaBaseConfiguration$JpaWebConfiguration : spring.jpa.open-in-view is enabled by default. Therefore, database queries may be performed during view rendering. Explicitly configure spring.jpa.open-in-view to disable this warning
2025-11-10 18:55:33.683 WARN  [main] o.s.b.a.s.s.UserDetailsServiceAutoConfiguration : 

Using generated security password: b677b5e2-a6a0-46e7-bbfb-9e8d9fd6046c

This generated password is for development use only. Your security configuration must be updated before running your application in production.

2025-11-10 18:55:33.695 INFO  [main] o.s.s.c.a.a.c.InitializeUserDetailsBeanManagerConfigurer$InitializeUserDetailsManagerConfigurer : Global AuthenticationManager configured with UserDetailsService bean with name inMemoryUserDetailsManager
2025-11-10 18:55:34.032 INFO  [main] o.s.b.a.h2.H2ConsoleAutoConfiguration    : H2 console available at '/h2-console'. Database available at 'jdbc:mysql://localhost:3306/property-dev?useSSL=false&serverTimeZone=UTC&useLegacyDateTimeCode=false'
2025-11-10 18:55:34.117 INFO  [main] o.a.coyote.http11.Http11NioProtocol      : Starting ProtocolHandler ["http-nio-8089"]
2025-11-10 18:55:34.145 INFO  [main] o.s.b.w.embedded.tomcat.TomcatWebServer  : Tomcat started on port 8089 (http) with context path '/'
2025-11-10 18:55:34.157 INFO  [main] c.m.p.PropertyManagementApplication      : Started PropertyManagementApplication in 5.854 seconds (process running for 6.29)
2025-11-10 18:55:35.071 INFO  [http-nio-8089-exec-2] o.a.c.c.C.[Tomcat].[localhost].[/]       : Initializing Spring DispatcherServlet 'dispatcherServlet'
2025-11-10 18:55:36.726 INFO  [http-nio-8089-exec-2] c.m.p.exception.CustomExceptionHandler   : Business Exception is thrown level-info INVALID_LOGIN - Incorrect username or password 
2025-11-10 18:55:36.726 WARN  [http-nio-8089-exec-2] c.m.p.exception.CustomExceptionHandler   : Business Exception is thrown level-warn INVALID_LOGIN - Incorrect username or password 
2025-11-10 18:55:36.726 ERROR [http-nio-8089-exec-2] c.m.p.exception.CustomExceptionHandler   : Business Exception is thrown - level-error INVALID_LOGIN - Incorrect username or password 
2025-11-10 18:55:36.726 INFO  [http-nio-8089-exec-2] c.m.p.exception.CustomExceptionHandler   : Business Exception is thrown. [com.mycompany.property_management.exception.ErrorModel@44099b97] 
2025-11-10 18:59:40.355 INFO  [SpringApplicationShutdownHook] o.s.b.w.e.tomcat.GracefulShutdown        : Commencing graceful shutdown. Waiting for active requests to complete
2025-11-10 18:59:40.564 INFO  [tomcat-shutdown] o.s.b.w.e.tomcat.GracefulShutdown        : Graceful shutdown complete
2025-11-10 18:59:40.595 INFO  [SpringApplicationShutdownHook] o.s.o.j.LocalContainerEntityManagerFactoryBean : Closing JPA EntityManagerFactory for persistence unit 'default'
2025-11-10 18:59:40.626 INFO  [SpringApplicationShutdownHook] com.zaxxer.hikari.HikariDataSource       : HikariPool-1 - Shutdown initiated...
2025-11-10 18:59:40.702 INFO  [SpringApplicationShutdownHook] com.zaxxer.hikari.HikariDataSource       : HikariPool-1 - Shutdown completed.
2025-11-10 18:59:45.371 INFO  [main] c.m.p.PropertyManagementApplication      : Starting PropertyManagementApplication using Java 17.0.0.1 with PID 26260 (C:\Users\ual-laptop\Downloads\property-management\property-management\target\classes started by ual-laptop in C:\Users\ual-laptop\Downloads\property-management\property-management)
2025-11-10 18:59:45.376 INFO  [main] c.m.p.PropertyManagementApplication      : The following 1 profile is active: "dev"
2025-11-10 18:59:46.477 INFO  [main] o.s.d.r.c.RepositoryConfigurationDelegate : Bootstrapping Spring Data JPA repositories in DEFAULT mode.
2025-11-10 18:59:46.559 INFO  [main] o.s.d.r.c.RepositoryConfigurationDelegate : Finished Spring Data repository scanning in 69 ms. Found 2 JPA repository interfaces.
2025-11-10 18:59:47.340 INFO  [main] o.s.b.w.embedded.tomcat.TomcatWebServer  : Tomcat initialized with port 8089 (http)
2025-11-10 18:59:47.353 INFO  [main] o.a.coyote.http11.Http11NioProtocol      : Initializing ProtocolHandler ["http-nio-8089"]
2025-11-10 18:59:47.355 INFO  [main] o.apache.catalina.core.StandardService   : Starting service [Tomcat]
2025-11-10 18:59:47.356 INFO  [main] o.apache.catalina.core.StandardEngine    : Starting Servlet engine: [Apache Tomcat/10.1.48]
2025-11-10 18:59:47.435 INFO  [main] o.a.c.c.C.[Tomcat].[localhost].[/]       : Initializing Spring embedded WebApplicationContext
2025-11-10 18:59:47.436 INFO  [main] o.s.b.w.s.c.ServletWebServerApplicationContext : Root WebApplicationContext: initialization completed in 1999 ms
2025-11-10 18:59:48.210 INFO  [main] o.s.o.j.p.SpringPersistenceUnitInfo      : No LoadTimeWeaver setup: ignoring JPA class transformer
2025-11-10 18:59:48.252 INFO  [main] com.zaxxer.hikari.HikariDataSource       : HikariPool-1 - Starting...
2025-11-10 18:59:48.504 INFO  [main] com.zaxxer.hikari.pool.HikariPool        : HikariPool-1 - Added connection com.mysql.cj.jdbc.ConnectionImpl@7a1ddbf1
2025-11-10 18:59:48.506 INFO  [main] com.zaxxer.hikari.HikariDataSource       : HikariPool-1 - Start completed.
2025-11-10 18:59:48.601 WARN  [main] org.hibernate.orm.deprecation            : HHH90000025: MySQLDialect does not need to be specified explicitly using 'hibernate.dialect' (remove the property setting and it will be selected by default)
2025-11-10 18:59:49.812 INFO  [main] o.s.o.j.LocalContainerEntityManagerFactoryBean : Initialized JPA EntityManagerFactory for persistence unit 'default'
2025-11-10 18:59:50.303 WARN  [main] o.s.b.a.o.j.JpaBaseConfiguration$JpaWebConfiguration : spring.jpa.open-in-view is enabled by default. Therefore, database queries may be performed during view rendering. Explicitly configure spring.jpa.open-in-view to disable this warning
2025-11-10 18:59:50.444 DEBUG [main] o.s.w.s.m.m.a.RequestMappingHandlerMapping : 12 mappings in 'requestMappingHandlerMapping'
2025-11-10 18:59:50.557 DEBUG [main] o.s.w.s.handler.SimpleUrlHandlerMapping  : Patterns [/webjars/**, /**] in 'resourceHandlerMapping'
2025-11-10 18:59:50.583 WARN  [main] o.s.b.a.s.s.UserDetailsServiceAutoConfiguration : 

Using generated security password: 4680d008-e830-4eeb-a1be-911e36687a51

This generated password is for development use only. Your security configuration must be updated before running your application in production.

2025-11-10 18:59:50.594 INFO  [main] o.s.s.c.a.a.c.InitializeUserDetailsBeanManagerConfigurer$InitializeUserDetailsManagerConfigurer : Global AuthenticationManager configured with UserDetailsService bean with name inMemoryUserDetailsManager
2025-11-10 18:59:50.809 DEBUG [main] o.s.w.s.m.m.a.RequestMappingHandlerAdapter : ControllerAdvice beans: 0 @ModelAttribute, 0 @InitBinder, 1 RequestBodyAdvice, 1 ResponseBodyAdvice
2025-11-10 18:59:50.877 DEBUG [main] o.s.w.s.m.m.a.ExceptionHandlerExceptionResolver : ControllerAdvice beans: 1 @ExceptionHandler, 1 ResponseBodyAdvice
2025-11-10 18:59:50.917 INFO  [main] o.s.b.a.h2.H2ConsoleAutoConfiguration    : H2 console available at '/h2-console'. Database available at 'jdbc:mysql://localhost:3306/property-dev?useSSL=false&serverTimeZone=UTC&useLegacyDateTimeCode=false'
2025-11-10 18:59:51.003 INFO  [main] o.a.coyote.http11.Http11NioProtocol      : Starting ProtocolHandler ["http-nio-8089"]
2025-11-10 18:59:51.027 INFO  [main] o.s.b.w.embedded.tomcat.TomcatWebServer  : Tomcat started on port 8089 (http) with context path '/'
2025-11-10 18:59:51.039 INFO  [main] c.m.p.PropertyManagementApplication      : Started PropertyManagementApplication in 6.465 seconds (process running for 7.397)
2025-11-10 19:00:17.820 INFO  [http-nio-8089-exec-1] o.a.c.c.C.[Tomcat].[localhost].[/]       : Initializing Spring DispatcherServlet 'dispatcherServlet'
2025-11-10 19:00:17.820 INFO  [http-nio-8089-exec-1] o.s.web.servlet.DispatcherServlet        : Initializing Servlet 'dispatcherServlet'
2025-11-10 19:00:17.821 DEBUG [http-nio-8089-exec-1] o.s.web.servlet.DispatcherServlet        : Detected StandardServletMultipartResolver
2025-11-10 19:00:17.821 DEBUG [http-nio-8089-exec-1] o.s.web.servlet.DispatcherServlet        : Detected AcceptHeaderLocaleResolver
2025-11-10 19:00:17.821 DEBUG [http-nio-8089-exec-1] o.s.web.servlet.DispatcherServlet        : Detected FixedThemeResolver
2025-11-10 19:00:17.822 DEBUG [http-nio-8089-exec-1] o.s.web.servlet.DispatcherServlet        : Detected org.springframework.web.servlet.view.DefaultRequestToViewNameTranslator@755fdfad
2025-11-10 19:00:17.822 DEBUG [http-nio-8089-exec-1] o.s.web.servlet.DispatcherServlet        : Detected org.springframework.web.servlet.support.SessionFlashMapManager@57cc0333
2025-11-10 19:00:17.822 DEBUG [http-nio-8089-exec-1] o.s.web.servlet.DispatcherServlet        : enableLoggingRequestDetails='false': request parameters and headers will be masked to prevent unsafe logging of potentially sensitive data
2025-11-10 19:00:17.822 INFO  [http-nio-8089-exec-1] o.s.web.servlet.DispatcherServlet        : Completed initialization in 2 ms
2025-11-10 19:00:17.879 DEBUG [http-nio-8089-exec-1] o.s.web.servlet.DispatcherServlet        : POST "/api/v1/users/loginUser", parameters={}
2025-11-10 19:00:17.880 DEBUG [http-nio-8089-exec-1] o.s.w.s.m.m.a.RequestMappingHandlerMapping : Mapped to com.mycompany.property_management.controller.UserController#loginUser(UserDto)
2025-11-10 19:00:18.012 DEBUG [http-nio-8089-exec-1] o.s.w.s.m.m.a.RequestResponseBodyMethodProcessor : Read "application/json;charset=UTF-8" to [com.mycompany.property_management.model.UserDto@1e02cdb4]
2025-11-10 19:00:19.531 DEBUG [http-nio-8089-exec-1] o.s.w.s.m.m.a.HttpEntityMethodProcessor  : Using 'text/plain', given [*/*] and supported [text/plain, */*, application/json, application/*+json]
2025-11-10 19:00:19.532 DEBUG [http-nio-8089-exec-1] o.s.w.s.m.m.a.HttpEntityMethodProcessor  : Writing ["User Logged In successfully"]
2025-11-10 19:00:19.539 DEBUG [http-nio-8089-exec-1] o.s.web.servlet.DispatcherServlet        : Completed 200 OK
2025-11-10 19:01:00.779 INFO  [SpringApplicationShutdownHook] o.s.b.w.e.tomcat.GracefulShutdown        : Commencing graceful shutdown. Waiting for active requests to complete
2025-11-10 19:01:00.944 INFO  [tomcat-shutdown] o.s.b.w.e.tomcat.GracefulShutdown        : Graceful shutdown complete
2025-11-10 19:01:00.948 INFO  [SpringApplicationShutdownHook] o.s.o.j.LocalContainerEntityManagerFactoryBean : Closing JPA EntityManagerFactory for persistence unit 'default'
2025-11-10 19:01:00.949 INFO  [SpringApplicationShutdownHook] com.zaxxer.hikari.HikariDataSource       : HikariPool-1 - Shutdown initiated...
2025-11-10 19:01:00.960 INFO  [SpringApplicationShutdownHook] com.zaxxer.hikari.HikariDataSource       : HikariPool-1 - Shutdown completed.
